<?xml version="1.0" encoding="UTF-8"?>
<!-- Generated by org.testng.reporters.JUnitReportReporter -->
<testsuite hostname="LAPTOP-GUJ1NSOL" failures="0" tests="1" name="testBase.TestBase" time="11.800" errors="0" timestamp="2021-11-07T12:20:04 IST" skipped="0">
  <testcase classname="testBase.TestBase" name="LaunchBrowerAndNavigate" time="11.800"/>
  <system-out/>
</testsuite> <!-- testBase.TestBase -->
